Flutter crash report.
Please report a bug at https://github.com/flutter/flutter/issues.

## command

flutter pub add intl_generator

## exception

YamlException: Error on line 10, column 1: Duplicate mapping key.
   ╷
10 │ arb-dir: lib/l10n
   │ ^^^^^^^
   ╵

```
#0      Loader._loadMapping (package:yaml/src/loader.dart:171:9)
#1      Loader._loadNode (package:yaml/src/loader.dart:92:16)
#2      Loader._loadDocument (package:yaml/src/loader.dart:68:20)
#3      Loader.load (package:yaml/src/loader.dart:60:20)
#4      loadYamlDocument (package:yaml/yaml.dart:72:25)
#5      loadYamlNode (package:yaml/yaml.dart:57:5)
#6      generateLocalizationsSyntheticPackage (package:flutter_tools/src/dart/generate_synthetic_packages.dart:30:29)
#7      PackagesGetCommand.runCommand (package:flutter_tools/src/commands/packages.dart:307:15)
#8      FlutterCommand.verifyThenRunCommand (package:flutter_tools/src/runner/flutter_command.dart:1772:12)
<asynchronous suspension>
#9      FlutterCommand.run.<anonymous closure> (package:flutter_tools/src/runner/flutter_command.dart:1408:27)
<asynchronous suspension>
#10     AppContext.run.<anonymous closure> (package:flutter_tools/src/base/context.dart:153:19)
<asynchronous suspension>
#11     CommandRunner.runCommand (package:args/command_runner.dart:212:13)
<asynchronous suspension>
#12     FlutterCommandRunner.runCommand.<anonymous closure> (package:flutter_tools/src/runner/flutter_command_runner.dart:420:9)
<asynchronous suspension>
#13     AppContext.run.<anonymous closure> (package:flutter_tools/src/base/context.dart:153:19)
<asynchronous suspension>
#14     FlutterCommandRunner.runCommand (package:flutter_tools/src/runner/flutter_command_runner.dart:364:5)
<asynchronous suspension>
#15     run.<anonymous closure>.<anonymous closure> (package:flutter_tools/runner.dart:130:9)
<asynchronous suspension>
#16     AppContext.run.<anonymous closure> (package:flutter_tools/src/base/context.dart:153:19)
<asynchronous suspension>
#17     main (package:flutter_tools/executable.dart:93:3)
<asynchronous suspension>
```

## flutter doctor

```
[32m[✓][39m Flutter (Channel stable, 3.24.5, on macOS 15.1.1 24B91 darwin-arm64, locale ko-KR)
    [32m•[39m Flutter version 3.24.5 on channel stable at /opt/homebrew/Caskroom/flutter/3.22.3/flutter
    [32m•[39m Upstream repository https://github.com/flutter/flutter.git
    [32m•[39m Framework revision dec2ee5c1f (3주 전), 2024-11-13 11:13:06 -0800
    [32m•[39m Engine revision a18df97ca5
    [32m•[39m Dart version 3.5.4
    [32m•[39m DevTools version 2.37.3

[32m[✓][39m Android toolchain - develop for Android devices (Android SDK version 35.0.0)
    [32m•[39m Android SDK at /Users/charlie.hyun/Library/Android/sdk
    [32m•[39m Platform android-35, build-tools 35.0.0
    [32m•[39m ANDROID_HOME = /Users/charlie.hyun/Library/Android/sdk
    [32m•[39m ANDROID_SDK_ROOT = /Users/charlie.hyun/Library/Android/sdk
    [32m•[39m Java binary at: /Applications/Android Studio.app/Contents/jbr/Contents/Home/bin/java
    [32m•[39m Java version OpenJDK Runtime Environment (build 21.0.3+-79915917-b509.11)
    [32m•[39m All Android licenses accepted.

[32m[✓][39m Xcode - develop for iOS and macOS (Xcode 16.1)
    [32m•[39m Xcode at /Applications/Xcode.app/Contents/Developer
    [32m•[39m Build 16B40
    [32m•[39m CocoaPods version 1.15.2

[32m[✓][39m Chrome - develop for the web
    [32m•[39m Chrome at /Applications/Google Chrome.app/Contents/MacOS/Google Chrome

[32m[✓][39m Android Studio (version 2024.2)
    [32m•[39m Android Studio at /Applications/Android Studio.app/Contents
    [32m•[39m Flutter plugin can be installed from:
      🔨 https://plugins.jetbrains.com/plugin/9212-flutter
    [32m•[39m Dart plugin can be installed from:
      🔨 https://plugins.jetbrains.com/plugin/6351-dart
    [32m•[39m android-studio-dir = /Applications/Android Studio.app
    [32m•[39m Java version OpenJDK Runtime Environment (build 21.0.3+-79915917-b509.11)

[32m[✓][39m IntelliJ IDEA Ultimate Edition (version 2024.2.3)
    [32m•[39m IntelliJ at /Users/charlie.hyun/Applications/IntelliJ IDEA Ultimate.app
    [32m•[39m Flutter plugin version 83.0.3
    [32m•[39m Dart plugin version 242.22855.32

[32m[✓][39m VS Code (version 1.85.1)
    [32m•[39m VS Code at /Applications/Visual Studio Code.app/Contents
    [32m•[39m Flutter extension version 3.80.0

[32m[✓][39m Connected device (5 available)
    [32m•[39m iPhone14 (mobile)               • 00008110-00024C610CEA401E            • ios            • iOS 18.1.1 22B91
    [32m•[39m iPhone 16 Plus (mobile)         • 9D8BC011-F4A6-47FE-8982-19A395611D08 • ios            • com.apple.CoreSimulator.SimRuntime.iOS-18-1 (simulator)
    [32m•[39m macOS (desktop)                 • macos                                • darwin-arm64   • macOS 15.1.1 24B91 darwin-arm64
    [32m•[39m Mac Designed for iPad (desktop) • mac-designed-for-ipad                • darwin         • macOS 15.1.1 24B91 darwin-arm64
    [32m•[39m Chrome (web)                    • chrome                               • web-javascript • Google Chrome 131.0.6778.109

[32m[✓][39m Network resources
    [32m•[39m All expected network resources are available.

[32m•[39m No issues found!
```
